<?xml version="1.0" encoding="UTF-8"?>
<!-- Generated by org.testng.reporters.JUnitReportReporter -->
<testsuite hostname="DESKTOP-TBCIQT8" failures="0" tests="16" name="com.tests.TestNG_0002" time="18.130" errors="0" timestamp="2021-05-24T00:06:01 CLT" skipped="0">
  <testcase classname="com.tests.TestNG_0002" name="Test04" time="0.003"/>
  <system-out/>
  <testcase classname="com.tests.TestNG_0002" name="Test03" time="0.004"/>
  <system-out/>
  <testcase classname="com.tests.TestNG_0002" name="Test04" time="0.003"/>
  <system-out/>
  <testcase classname="com.tests.TestNG_0002" name="Test06" time="0.002"/>
  <system-out/>
  <testcase classname="com.tests.TestNG_0002" name="Test02" time="0.001"/>
  <system-out/>
  <testcase classname="com.tests.TestNG_0002" name="Test02" time="0.005"/>
  <system-out/>
  <testcase classname="com.tests.TestNG_0002" name="Test01" time="8.806"/>
  <system-out/>
  <testcase classname="com.tests.TestNG_0002" name="Test01" time="9.275"/>
  <system-out/>
  <testcase classname="com.tests.TestNG_0002" name="Test07" time="0.001"/>
  <system-out/>
  <testcase classname="com.tests.TestNG_0002" name="Test06" time="0.004"/>
  <system-out/>
  <testcase classname="com.tests.TestNG_0002" name="Test05" time="0.003"/>
  <system-out/>
  <testcase classname="com.tests.TestNG_0002" name="Test05" time="0.004"/>
  <system-out/>
  <testcase classname="com.tests.TestNG_0002" name="Test08" time="0.011"/>
  <system-out/>
  <testcase classname="com.tests.TestNG_0002" name="Test03" time="0.006"/>
  <system-out/>
  <testcase classname="com.tests.TestNG_0002" name="Test08" time="0.001"/>
  <system-out/>
  <testcase classname="com.tests.TestNG_0002" name="Test07" time="0.001"/>
  <system-out/>
</testsuite> <!-- com.tests.TestNG_0002 -->
