<?xml version="1.0" encoding="UTF-8"?>
<!-- Generated by org.testng.reporters.JUnitReportReporter -->
<testsuite hostname="L040E3CD4B6F4" failures="0" tests="16" name="com.tests.TestNG_0001" time="16.122" errors="0" timestamp="2021-05-29T17:29:29 CLT" skipped="0">
  <testcase classname="com.tests.TestNG_0001" name="Test05" time="0.001"/>
  <system-out/>
  <testcase classname="com.tests.TestNG_0001" name="Test08" time="0.001"/>
  <system-out/>
  <testcase classname="com.tests.TestNG_0001" name="Test06" time="0.001"/>
  <system-out/>
  <testcase classname="com.tests.TestNG_0001" name="Test08" time="0.001"/>
  <system-out/>
  <testcase classname="com.tests.TestNG_0001" name="Test01" time="8.067"/>
  <system-out/>
  <testcase classname="com.tests.TestNG_0001" name="Test06" time="0.002"/>
  <system-out/>
  <testcase classname="com.tests.TestNG_0001" name="Test03" time="0.001"/>
  <system-out/>
  <testcase classname="com.tests.TestNG_0001" name="Test01" time="8.039"/>
  <system-out/>
  <testcase classname="com.tests.TestNG_0001" name="Test03" time="0.002"/>
  <system-out/>
  <testcase classname="com.tests.TestNG_0001" name="Test02" time="0.001"/>
  <system-out/>
  <testcase classname="com.tests.TestNG_0001" name="Test04" time="0.001"/>
  <system-out/>
  <testcase classname="com.tests.TestNG_0001" name="Test07" time="0.000"/>
  <system-out/>
  <testcase classname="com.tests.TestNG_0001" name="Test02" time="0.002"/>
  <system-out/>
  <testcase classname="com.tests.TestNG_0001" name="Test04" time="0.001"/>
  <system-out/>
  <testcase classname="com.tests.TestNG_0001" name="Test07" time="0.001"/>
  <system-out/>
  <testcase classname="com.tests.TestNG_0001" name="Test05" time="0.001"/>
  <system-out/>
</testsuite> <!-- com.tests.TestNG_0001 -->
