<?xml version="1.0" encoding="UTF-8"?>
<!-- Generated by org.testng.reporters.JUnitReportReporter -->
<testsuite hostname="L040E3CD4B6F4" failures="0" tests="16" name="com.tests.TestNG_0001" time="0.052" errors="0" timestamp="2021-05-21T00:16:52 CLT" skipped="0">
  <testcase classname="com.tests.TestNG_0001" name="Test01" time="0.011"/>
  <system-out/>
  <testcase classname="com.tests.TestNG_0001" name="Test02" time="0.003"/>
  <system-out/>
  <testcase classname="com.tests.TestNG_0001" name="Test05" time="0.003"/>
  <system-out/>
  <testcase classname="com.tests.TestNG_0001" name="Test06" time="0.003"/>
  <system-out/>
  <testcase classname="com.tests.TestNG_0001" name="Test07" time="0.003"/>
  <system-out/>
  <testcase classname="com.tests.TestNG_0001" name="Test05" time="0.002"/>
  <system-out/>
  <testcase classname="com.tests.TestNG_0001" name="Test07" time="0.005"/>
  <system-out/>
  <testcase classname="com.tests.TestNG_0001" name="Test03" time="0.002"/>
  <system-out/>
  <testcase classname="com.tests.TestNG_0001" name="Test04" time="0.002"/>
  <system-out/>
  <testcase classname="com.tests.TestNG_0001" name="Test01" time="0.003"/>
  <system-out/>
  <testcase classname="com.tests.TestNG_0001" name="Test08" time="0.004"/>
  <system-out/>
  <testcase classname="com.tests.TestNG_0001" name="Test08" time="0.003"/>
  <system-out/>
  <testcase classname="com.tests.TestNG_0001" name="Test03" time="0.002"/>
  <system-out/>
  <testcase classname="com.tests.TestNG_0001" name="Test04" time="0.002"/>
  <system-out/>
  <testcase classname="com.tests.TestNG_0001" name="Test06" time="0.002"/>
  <system-out/>
  <testcase classname="com.tests.TestNG_0001" name="Test02" time="0.002"/>
  <system-out/>
</testsuite> <!-- com.tests.TestNG_0001 -->
