<?xml version="1.0" encoding="UTF-8"?>
<!-- Generated by org.testng.reporters.JUnitReportReporter -->
<testsuite hostname="DESKTOP-TBCIQT8" failures="0" tests="16" name="com.tests.TestNG_0001" time="17.940" errors="0" timestamp="2021-05-22T20:25:22 CLT" skipped="0">
  <testcase classname="com.tests.TestNG_0001" name="Test06" time="0.009"/>
  <system-out/>
  <testcase classname="com.tests.TestNG_0001" name="Test08" time="0.006"/>
  <system-out/>
  <testcase classname="com.tests.TestNG_0001" name="Test03" time="0.009"/>
  <system-out/>
  <testcase classname="com.tests.TestNG_0001" name="Test08" time="0.004"/>
  <system-out/>
  <testcase classname="com.tests.TestNG_0001" name="Test02" time="0.003"/>
  <system-out/>
  <testcase classname="com.tests.TestNG_0001" name="Test05" time="0.003"/>
  <system-out/>
  <testcase classname="com.tests.TestNG_0001" name="Test06" time="0.003"/>
  <system-out/>
  <testcase classname="com.tests.TestNG_0001" name="Test04" time="0.005"/>
  <system-out/>
  <testcase classname="com.tests.TestNG_0001" name="Test01" time="7.986"/>
  <system-out/>
  <testcase classname="com.tests.TestNG_0001" name="Test03" time="0.009"/>
  <system-out/>
  <testcase classname="com.tests.TestNG_0001" name="Test04" time="0.008"/>
  <system-out/>
  <testcase classname="com.tests.TestNG_0001" name="Test05" time="0.007"/>
  <system-out/>
  <testcase classname="com.tests.TestNG_0001" name="Test07" time="0.003"/>
  <system-out/>
  <testcase classname="com.tests.TestNG_0001" name="Test02" time="0.023"/>
  <system-out/>
  <testcase classname="com.tests.TestNG_0001" name="Test07" time="0.003"/>
  <system-out/>
  <testcase classname="com.tests.TestNG_0001" name="Test01" time="9.859"/>
  <system-out/>
</testsuite> <!-- com.tests.TestNG_0001 -->
